<?xml version="1.0" encoding="UTF-8"?>
<testng-results ignored="0" total="1" passed="1" failed="0" skipped="0">
  <reporter-output>
  </reporter-output>
  <suite started-at="2021-07-19T14:57:59 CEST" name="TestNG Group Test" finished-at="2021-07-19T14:58:22 CEST" duration-ms="22497">
    <groups>
    </groups>
    <test started-at="2021-07-19T14:57:59 CEST" name="run test" finished-at="2021-07-19T14:58:22 CEST" duration-ms="22497">
      <class name="test.TestPage">
        <test-method is-config="true" signature="setExtent()[pri:0, instance:test.TestPage@77f1baf5]" started-at="2021-07-19T14:57:59 CEST" name="setExtent" finished-at="2021-07-19T14:57:59 CEST" duration-ms="185" status="PASS">
          <reporter-output>
          </reporter-output>
        </test-method> <!-- setExtent -->
        <test-method is-config="true" signature="openBrowser()[pri:0, instance:test.TestPage@77f1baf5]" started-at="2021-07-19T14:57:59 CEST" name="openBrowser" finished-at="2021-07-19T14:58:15 CEST" duration-ms="15761" status="PASS">
          <reporter-output>
          </reporter-output>
        </test-method> <!-- openBrowser -->
        <test-method is-config="true" signature="implicitWait()[pri:0, instance:test.TestPage@77f1baf5]" started-at="2021-07-19T14:58:15 CEST" name="implicitWait" finished-at="2021-07-19T14:58:15 CEST" duration-ms="30" status="PASS">
          <reporter-output>
          </reporter-output>
        </test-method> <!-- implicitWait -->
        <test-method signature="testSportBettingPage()[pri:0, instance:test.TestPage@77f1baf5]" started-at="2021-07-19T14:58:15 CEST" name="testSportBettingPage" finished-at="2021-07-19T14:58:22 CEST" duration-ms="6664" status="PASS">
          <reporter-output>
          </reporter-output>
        </test-method> <!-- testSportBettingPage -->
        <test-method is-config="true" signature="tearDown(org.testng.ITestResult)[pri:0, instance:test.TestPage@77f1baf5]" started-at="2021-07-19T14:58:22 CEST" name="tearDown" finished-at="2021-07-19T14:58:22 CEST" duration-ms="2" status="PASS">
          <params>
            <param index="0">
              <value>
                <![CDATA[[TestResult name=testSportBettingPage status=SUCCESS method=TestPage.testSportBettingPage()[pri:0, instance:test.TestPage@77f1baf5] output={null}]]]>
              </value>
            </param>
          </params>
          <reporter-output>
          </reporter-output>
        </test-method> <!-- tearDown -->
        <test-method is-config="true" signature="closeDriver()[pri:0, instance:test.TestPage@77f1baf5]" started-at="2021-07-19T14:58:22 CEST" name="closeDriver" finished-at="2021-07-19T14:58:23 CEST" duration-ms="1326" status="PASS">
          <reporter-output>
          </reporter-output>
        </test-method> <!-- closeDriver -->
      </class> <!-- test.TestPage -->
    </test> <!-- run test -->
  </suite> <!-- TestNG Group Test -->
</testng-results>
